c:\users\sickness\documents\visual studio 2015\projects\addition_x86\addition_x86\debug\function_x86.obj
c:\users\sickness\desktop\addition_x86\addition_x86\debug\function_x86.obj
c:\users\sickness\documents\visual studio 2015\projects\addition_x86\addition_x86\debug\vc140.pdb
c:\users\sickness\documents\visual studio 2015\projects\addition_x86\addition_x86\debug\vc140.idb
c:\users\sickness\documents\visual studio 2015\projects\addition_x86\addition_x86\debug\addition_x86.obj
c:\users\sickness\documents\visual studio 2015\projects\addition_x86\addition_x86\debug\stdafx.obj
c:\users\sickness\documents\visual studio 2015\projects\addition_x86\debug\addition_x86.ilk
c:\users\sickness\documents\visual studio 2015\projects\addition_x86\debug\addition_x86.exe
c:\users\sickness\documents\visual studio 2015\projects\addition_x86\debug\addition_x86.pdb
c:\users\sickness\desktop\addition_x86\addition_x86\debug\addition_x86.obj
c:\users\sickness\desktop\addition_x86\addition_x86\debug\stdafx.obj
c:\users\sickness\desktop\addition_x86\addition_x86\debug\vc140.idb
c:\users\sickness\desktop\addition_x86\addition_x86\debug\vc140.pdb
c:\users\sickness\desktop\addition_x86\debug\addition_x86.pdb
c:\users\sickness\desktop\addition_x86\debug\addition_x86.exe
c:\users\sickness\desktop\addition_x86\debug\addition_x86.ilk
c:\users\sickness\desktop\addition_x86\addition_x86\debug\addition_x86.tlog\addition_x86.write.1u.tlog
c:\users\sickness\desktop\addition_x86\addition_x86\debug\addition_x86.tlog\cl.command.1.tlog
c:\users\sickness\desktop\addition_x86\addition_x86\debug\addition_x86.tlog\cl.read.1.tlog
c:\users\sickness\desktop\addition_x86\addition_x86\debug\addition_x86.tlog\cl.write.1.tlog
c:\users\sickness\desktop\addition_x86\addition_x86\debug\addition_x86.tlog\link.command.1.tlog
c:\users\sickness\desktop\addition_x86\addition_x86\debug\addition_x86.tlog\link.read.1.tlog
c:\users\sickness\desktop\addition_x86\addition_x86\debug\addition_x86.tlog\link.write.1.tlog
