c:\users\admin\desktop\exdikdsample\kdcontrollerlib\x64\debug\kdcontrollerlib.pch
c:\users\admin\desktop\exdikdsample\kdcontrollerlib\x64\debug\kdcontrollerlib.pdb
c:\users\admin\desktop\exdikdsample\kdcontrollerlib\x64\debug\kdcontrollerlib.idb
c:\users\admin\desktop\exdikdsample\kdcontrollerlib\x64\debug\stdafx.obj
c:\users\admin\desktop\exdikdsample\kdcontrollerlib\x64\debug\kdcontroller.obj
c:\users\admin\desktop\exdikdsample\kdcontrollerlib\x64\debug\bufferedstreamreader.obj
c:\users\admin\desktop\exdikdsample\kdcontrollerlib\x64\debug\asynchronouskdcontroller.obj
c:\users\admin\desktop\exdikdsample\x64\debug\kdcontrollerlib.lib
c:\users\admin\desktop\exdikd_sample\exdikdsample\kdcontrollerlib\x64\debug\asynchronouskdcontroller.obj
c:\users\admin\desktop\exdikd_sample\exdikdsample\kdcontrollerlib\x64\debug\bufferedstreamreader.obj
c:\users\admin\desktop\exdikd_sample\exdikdsample\kdcontrollerlib\x64\debug\kdcontroller.obj
c:\users\admin\desktop\exdikd_sample\exdikdsample\kdcontrollerlib\x64\debug\stdafx.obj
c:\users\admin\desktop\exdikd_sample\exdikdsample\kdcontrollerlib\x64\debug\kdcontrollerlib.pch
c:\users\admin\desktop\exdikd_sample\exdikdsample\kdcontrollerlib\x64\debug\kdcontrollerlib.idb
c:\users\admin\desktop\exdikd_sample\exdikdsample\kdcontrollerlib\x64\debug\kdcontrollerlib.pdb
c:\users\admin\desktop\exdikd_sample\exdikdsample\x64\debug\kdcontrollerlib.lib
c:\users\admin\desktop\exdikd_sample\exdikdsample\kdcontrollerlib\x64\debug\kdcontrollerlib.tlog\cl.command.1.tlog
c:\users\admin\desktop\exdikd_sample\exdikdsample\kdcontrollerlib\x64\debug\kdcontrollerlib.tlog\cl.read.1.tlog
c:\users\admin\desktop\exdikd_sample\exdikdsample\kdcontrollerlib\x64\debug\kdcontrollerlib.tlog\cl.write.1.tlog
c:\users\admin\desktop\exdikd_sample\exdikdsample\kdcontrollerlib\x64\debug\kdcontrollerlib.tlog\lib-link.read.1.tlog
c:\users\admin\desktop\exdikd_sample\exdikdsample\kdcontrollerlib\x64\debug\kdcontrollerlib.tlog\lib-link.write.1.tlog
c:\users\admin\desktop\exdikd_sample\exdikdsample\kdcontrollerlib\x64\debug\kdcontrollerlib.tlog\lib.command.1.tlog
