c:\users\admin\desktop\exdikdsample\exdikdsample\x64\debug\exdikdsample.pch
c:\users\admin\desktop\exdikdsample\exdikdsample\x64\debug\vc142.pdb
c:\users\admin\desktop\exdikdsample\exdikdsample\x64\debug\vc142.idb
c:\users\admin\desktop\exdikdsample\exdikdsample\x64\debug\stdafx.obj
c:\users\admin\desktop\exdikdsample\exdikdsample\x64\debug\dllmain.obj
c:\users\admin\desktop\exdikdsample\exdikdsample\x64\debug\exdikdsample_i.obj
c:\users\admin\desktop\exdikdsample\exdikdsample\x64\debug\staticexdisampleserver.obj
c:\users\admin\desktop\exdikdsample\exdikdsample\x64\debug\exdikdsample.obj
c:\users\admin\desktop\exdikdsample\exdikdsample\x64\debug\liveexdisampleserver.obj
c:\users\admin\desktop\exdikdsample\x64\debug\exdikdsample.lib
c:\users\admin\desktop\exdikdsample\x64\debug\exdikdsample.exp
c:\users\admin\desktop\exdikdsample\x64\debug\exdikdsample.ilk
c:\users\admin\desktop\exdikdsample\x64\debug\exdikdsample.dll
c:\users\admin\desktop\exdikdsample\x64\debug\exdikdsample.pdb
c:\users\admin\desktop\exdikdsample\exdikdsample\generatedsources\exdikdsample.tlb
c:\users\admin\desktop\exdikdsample\exdikdsample\generatedsources\exdikdsample_p_x64.c
c:\users\admin\desktop\exdikdsample\exdikdsample\generatedsources\exdikdsample_i.c
c:\users\admin\desktop\exdikdsample\exdikdsample\generatedsources\exdikdsample.h
c:\users\admin\desktop\exdikdsample\exdikdsample\x64\debug\exdikdsample.res
c:\users\admin\desktop\exdikd_sample\exdikdsample\exdikdsample\x64\debug\dllmain.obj
c:\users\admin\desktop\exdikd_sample\exdikdsample\exdikdsample\x64\debug\exdikdsample.obj
c:\users\admin\desktop\exdikd_sample\exdikdsample\exdikdsample\x64\debug\exdikdsample_i.obj
c:\users\admin\desktop\exdikd_sample\exdikdsample\exdikdsample\x64\debug\liveexdisampleserver.obj
c:\users\admin\desktop\exdikd_sample\exdikdsample\exdikdsample\x64\debug\staticexdisampleserver.obj
c:\users\admin\desktop\exdikd_sample\exdikdsample\exdikdsample\x64\debug\stdafx.obj
c:\users\admin\desktop\exdikd_sample\exdikdsample\exdikdsample\x64\debug\exdikdsample.res
c:\users\admin\desktop\exdikd_sample\exdikdsample\exdikdsample\x64\debug\exdikdsample.pch
c:\users\admin\desktop\exdikd_sample\exdikdsample\exdikdsample\x64\debug\vc142.idb
c:\users\admin\desktop\exdikd_sample\exdikdsample\exdikdsample\x64\debug\vc142.pdb
c:\users\admin\desktop\exdikd_sample\exdikdsample\x64\debug\exdikdsample.pdb
c:\users\admin\desktop\exdikd_sample\exdikdsample\x64\debug\exdikdsample.dll
c:\users\admin\desktop\exdikd_sample\exdikdsample\x64\debug\exdikdsample.ilk
c:\users\admin\desktop\exdikd_sample\exdikdsample\exdikdsample\x64\debug\exdikdsample.tlog\cl.command.1.tlog
c:\users\admin\desktop\exdikd_sample\exdikdsample\exdikdsample\x64\debug\exdikdsample.tlog\cl.read.1.tlog
c:\users\admin\desktop\exdikd_sample\exdikdsample\exdikdsample\x64\debug\exdikdsample.tlog\cl.write.1.tlog
c:\users\admin\desktop\exdikd_sample\exdikdsample\exdikdsample\x64\debug\exdikdsample.tlog\exdikdsample.write.1u.tlog
c:\users\admin\desktop\exdikd_sample\exdikdsample\exdikdsample\x64\debug\exdikdsample.tlog\link.command.1.tlog
c:\users\admin\desktop\exdikd_sample\exdikdsample\exdikdsample\x64\debug\exdikdsample.tlog\link.read.1.tlog
c:\users\admin\desktop\exdikd_sample\exdikdsample\exdikdsample\x64\debug\exdikdsample.tlog\link.write.1.tlog
c:\users\admin\desktop\exdikd_sample\exdikdsample\exdikdsample\x64\debug\exdikdsample.tlog\midl.command.1.tlog
c:\users\admin\desktop\exdikd_sample\exdikdsample\exdikdsample\x64\debug\exdikdsample.tlog\midl.read.1.tlog
c:\users\admin\desktop\exdikd_sample\exdikdsample\exdikdsample\x64\debug\exdikdsample.tlog\midl.write.1.tlog
c:\users\admin\desktop\exdikd_sample\exdikdsample\exdikdsample\x64\debug\exdikdsample.tlog\rc.command.1.tlog
c:\users\admin\desktop\exdikd_sample\exdikdsample\exdikdsample\x64\debug\exdikdsample.tlog\rc.read.1.tlog
c:\users\admin\desktop\exdikd_sample\exdikdsample\exdikdsample\x64\debug\exdikdsample.tlog\rc.write.1.tlog
